<?xml version="1.0" encoding="UTF-8"?>
<testng-results ignored="0" total="3" passed="3" failed="0" skipped="0">
  <reporter-output>
  </reporter-output>
  <suite started-at="2023-06-08T17:31:03 IST" name="Default suite" finished-at="2023-06-08T17:32:40 IST" duration-ms="96662">
    <groups>
      <group name="cucumber">
        <method signature="AbstractTestNGCucumberTests.runScenario(io.cucumber.testng.PickleWrapper,io.cucumber.testng.FeatureWrapper)[pri:0, instance:testrunner.LoginPage_TestRunner@33bc72d1]" name="runScenario" class="io.cucumber.testng.AbstractTestNGCucumberTests"/>
      </group> <!-- cucumber -->
    </groups>
    <test started-at="2023-06-08T17:31:03 IST" name="Default test" finished-at="2023-06-08T17:32:40 IST" duration-ms="96662">
      <class name="testrunner.LoginPage_TestRunner">
        <test-method is-config="true" signature="setUpClass(org.testng.ITestContext)[pri:0, instance:testrunner.LoginPage_TestRunner@33bc72d1]" started-at="2023-06-08T17:31:03 IST" name="setUpClass" finished-at="2023-06-08T17:31:04 IST" duration-ms="849" status="PASS">
          <params>
            <param index="0">
              <value>
                <![CDATA[org.testng.TestRunner@1cd2ff5b]]>
              </value>
            </param>
          </params>
          <reporter-output>
          </reporter-output>
        </test-method> <!-- setUpClass -->
        <test-method signature="runScenario(io.cucumber.testng.PickleWrapper,io.cucumber.testng.FeatureWrapper)[pri:0, instance:testrunner.LoginPage_TestRunner@33bc72d1]" started-at="2023-06-08T17:31:04 IST" name="runScenario" description="Runs Cucumber Scenarios" data-provider="scenarios" finished-at="2023-06-08T17:31:27 IST" duration-ms="23287" status="PASS">
          <params>
            <param index="0">
              <value>
                <![CDATA["    UI"]]>
              </value>
            </param>
            <param index="1">
              <value>
                <![CDATA["login1"]]>
              </value>
            </param>
          </params>
          <reporter-output>
          </reporter-output>
        </test-method> <!-- runScenario -->
        <test-method signature="runScenario(io.cucumber.testng.PickleWrapper,io.cucumber.testng.FeatureWrapper)[pri:0, instance:testrunner.LoginPage_TestRunner@33bc72d1]" started-at="2023-06-08T17:31:27 IST" name="runScenario" description="Runs Cucumber Scenarios" data-provider="scenarios" finished-at="2023-06-08T17:31:48 IST" duration-ms="21402" status="PASS">
          <params>
            <param index="0">
              <value>
                <![CDATA["    Field validation"]]>
              </value>
            </param>
            <param index="1">
              <value>
                <![CDATA["login1"]]>
              </value>
            </param>
          </params>
          <reporter-output>
          </reporter-output>
        </test-method> <!-- runScenario -->
        <test-method signature="runScenario(io.cucumber.testng.PickleWrapper,io.cucumber.testng.FeatureWrapper)[pri:0, instance:testrunner.LoginPage_TestRunner@33bc72d1]" started-at="2023-06-08T17:31:48 IST" name="runScenario" description="Runs Cucumber Scenarios" data-provider="scenarios" finished-at="2023-06-08T17:32:39 IST" duration-ms="50941" status="PASS">
          <params>
            <param index="0">
              <value>
                <![CDATA["    Main functionality"]]>
              </value>
            </param>
            <param index="1">
              <value>
                <![CDATA["login1"]]>
              </value>
            </param>
          </params>
          <reporter-output>
          </reporter-output>
        </test-method> <!-- runScenario -->
        <test-method is-config="true" signature="tearDownClass()[pri:0, instance:testrunner.LoginPage_TestRunner@33bc72d1]" started-at="2023-06-08T17:32:39 IST" name="tearDownClass" finished-at="2023-06-08T17:32:39 IST" duration-ms="119" status="PASS">
          <reporter-output>
          </reporter-output>
        </test-method> <!-- tearDownClass -->
      </class> <!-- testrunner.LoginPage_TestRunner -->
    </test> <!-- Default test -->
  </suite> <!-- Default suite -->
</testng-results>
